build/app/outputs/mapping/release/seeds.txt
com.example.reminder_app.MainActivity: MainActivity()
androidx.window.layout.HardwareFoldingFeature$Type$Companion: HardwareFoldingFeature$Type$Companion()
androidx.window.embedding.ActivityStack: ActivityStack(java.util.List,boolean)
androidx.window.embedding.EmbeddingCompat$Companion: EmbeddingCompat$Companion()
androidx.window.embedding.EmbeddingAdapter: androidx.window.embedding.SplitInfo translate(androidx.window.extensions.embedding.SplitInfo)
androidx.window.embedding.EmbeddingBackend: void registerSplitListenerForActivity(android.app.Activity,java.util.concurrent.Executor,androidx.core.util.Consumer)
androidx.window.layout.SidecarCompat$DistinctSidecarElementCallback: SidecarCompat$DistinctSidecarElementCallback(androidx.window.layout.SidecarAdapter,androidx.window.sidecar.SidecarInterface$SidecarCallback)
kotlinx.coroutines.EventLoopImplBase: EventLoopImplBase()
androidx.window.layout.DisplayCompatHelperApi17: DisplayCompatHelperApi17()
androidx.window.layout.SidecarWindowBackend: boolean isActivityRegistered(android.app.Activity)
io.flutter.embedding.engine.systemchannels.PlatformChannel$SystemUiMode: io.flutter.embedding.engine.systemchannels.PlatformChannel$SystemUiMode[] values()
androidx.window.layout.HardwareFoldingFeature: androidx.window.layout.FoldingFeature$OcclusionType getOcclusionType()
io.flutter.plugins.pathprovider.Messages$StorageDirectory: io.flutter.plugins.pathprovider.Messages$StorageDirectory[] values()
io.flutter.embedding.engine.FlutterJNI: void setSemanticsEnabled(boolean)
androidx.window.layout.SidecarWindowBackend$WindowLayoutChangeCallbackWrapper: void setLastInfo(androidx.window.layout.WindowLayoutInfo)
io.flutter.embedding.engine.renderer.FlutterRenderer$ImageTextureRegistryEntry: void release()
io.flutter.view.AccessibilityBridge$Action: io.flutter.view.AccessibilityBridge$Action[] values()
io.flutter.embedding.engine.mutatorsstack.FlutterMutatorsStack$FlutterMutatorType: io.flutter.embedding.engine.mutatorsstack.FlutterMutatorsStack$FlutterMutatorType[] values()
androidx.core.view.WindowInsetsCompat$Impl28: WindowInsetsCompat$Impl28(androidx.core.view.WindowInsetsCompat,android.view.WindowInsets)
kotlin.coroutines.jvm.internal.BaseContinuationImpl: kotlin.coroutines.Continuation create(kotlin.coroutines.Continuation)
io.flutter.embedding.engine.renderer.SurfaceTextureWrapper: android.graphics.SurfaceTexture surfaceTexture()
kotlin.jvm.internal.CallableReference: kotlin.reflect.KCallable compute()
androidx.window.layout.WindowMetricsCalculatorCompat: android.view.DisplayCutout getCutoutForDisplay(android.view.Display)
androidx.core.view.WindowInsetsCompat$Impl: boolean isRound()
io.flutter.view.AccessibilityBridge$StringAttributeType: io.flutter.view.AccessibilityBridge$StringAttributeType valueOf(java.lang.String)
androidx.window.embedding.SplitController: void addSplitListener(android.app.Activity,java.util.concurrent.Executor,androidx.core.util.Consumer)
androidx.window.core.Version: boolean equals(java.lang.Object)
androidx.window.embedding.SplitPairRule: boolean getFinishSecondaryWithPrimary()
androidx.window.embedding.ActivityRule: java.util.Set getFilters()
androidx.core.view.WindowInsetsCompat$Impl20: androidx.core.graphics.Insets getInsetsForType(int,boolean)
io.flutter.embedding.engine.FlutterJNI: void onEndFrame()
kotlin.jvm.internal.FunctionReference: int hashCode()
androidx.window.embedding.SplitInfo: boolean contains(android.app.Activity)
io.flutter.view.AccessibilityBridge$Flag: io.flutter.view.AccessibilityBridge$Flag[] values()
androidx.window.layout.ExtensionWindowLayoutInfoBackend$MulticastConsumer: ExtensionWindowLayoutInfoBackend$MulticastConsumer(android.app.Activity)
androidx.core.graphics.drawable.IconCompatParcelizer: IconCompatParcelizer()
io.flutter.embedding.android.FlutterImageView: android.view.Surface getSurface()
kotlinx.coroutines.internal.ThreadSafeHeap: ThreadSafeHeap()