build/app/outputs/mapping/release/mapping.txt
# compiler: R8
# compiler_version: 3.3.70
# min_api: 19
# common_typos_disable
# {"id":"com.android.tools.r8.mapping","version":"2.0"}
# pg_map_id: aebd64c
# pg_map_hash: SHA-256 aebd64c8b3bde0aaa0c6f70d7ac9ccaf0b84c7557d0fc1b77592352b7fea2a8f
...
androidx.core.view.ViewCompat$AccessibilityViewProperty -> h.c$d:
    int mContentChangeType -> d
    java.lang.Class mType -> b
    int mFrameworkMinimumSdk -> c
    int mTagKey -> a
    boolean extrasAvailable() -> a
    boolean frameworkAvailable() -> b
    java.lang.Object frameworkGet(android.view.View) -> c
    java.lang.Object get(android.view.View) -> d
androidx.core.view.ViewCompat$Api21Impl -> h.c$e:
    androidx.core.view.WindowInsetsCompat getRootWindowInsets(android.view.View) -> a
androidx.core.view.ViewCompat$Api23Impl -> h.c$f:
    androidx.core.view.WindowInsetsCompat getRootWindowInsets(android.view.View) -> a
androidx.core.view.ViewCompat$Api23Impl$$ExternalSyntheticApiModelOutline0 -> h.e:
# {"id":"sourceFile","fileName":"R8$$SyntheticClass"}
# {"id":"com.android.tools.r8.synthesized"}
    android.view.WindowInsets androidx.core.view.ViewCompat$Api23Impl$$InternalSyntheticApiModelOutline$1$17a4f2167f83c6d7e7ae6b37753ef4837b467faefba081d3bd3451f5879ef666$0.m(android.view.View) -> a
      # {"id":"com.android.tools.r8.synthesized"}
androidx.core.view.WindowInsetsCompat -> h.f:
    androidx.core.view.WindowInsetsCompat$Impl mImpl -> a
    androidx.core.view.WindowInsetsCompat CONSUMED -> b
    androidx.core.view.WindowInsetsCompat consumeDisplayCutout() -> a
    androidx.core.view.WindowInsetsCompat consumeStableInsets() -> b
    androidx.core.view.WindowInsetsCompat consumeSystemWindowInsets() -> c
    void copyRootViewBounds(android.view.View) -> d
    androidx.core.view.DisplayCutoutCompat getDisplayCutout() -> e
    androidx.core.graphics.Insets getInsets(int) -> f
    androidx.core.graphics.Insets getStableInsets() -> g
    boolean isVisible(int) -> h
    void setOverriddenInsets(androidx.core.graphics.Insets[]) -> i
    void setRootViewData(androidx.core.graphics.Insets) -> j
    void setRootWindowInsets(androidx.core.view.WindowInsetsCompat) -> k
    void setStableInsets(androidx.core.graphics.Insets) -> l
    androidx.core.view.WindowInsetsCompat toWindowInsetsCompat(android.view.WindowInsets) -> m
    androidx.core.view.WindowInsetsCompat toWindowInsetsCompat(android.view.WindowInsets,android.view.View) -> n
androidx.core.view.WindowInsetsCompat$Api21ReflectionHolder -> h.f$a:
    java.lang.reflect.Field sStableInsets -> b
    java.lang.reflect.Field sContentInsets -> c
    java.lang.reflect.Field sViewAttachInfoField -> a
    boolean sReflectionSucceeded -> d
    androidx.core.view.WindowInsetsCompat getRootWindowInsets(android.view.View) -> a
androidx.core.view.WindowInsetsCompat$Builder -> h.f$b:
    androidx.core.view.WindowInsetsCompat$BuilderImpl mImpl -> a
    androidx.core.view.WindowInsetsCompat build() -> a
    androidx.core.view.WindowInsetsCompat$Builder setStableInsets(androidx.core.graphics.Insets) -> b
    androidx.core.view.WindowInsetsCompat$Builder setSystemWindowInsets(androidx.core.graphics.Insets) -> c
androidx.core.view.WindowInsetsCompat$BuilderImpl -> h.f$f:
    androidx.core.graphics.Insets[] mInsetsTypeMask -> b
    androidx.core.view.WindowInsetsCompat mInsets -> a
    void applyInsetTypes() -> a
    androidx.core.view.WindowInsetsCompat build() -> b
    void setMandatorySystemGestureInsets(androidx.core.graphics.Insets) -> c
    void setStableInsets(androidx.core.graphics.Insets) -> d
    void setSystemGestureInsets(androidx.core.graphics.Insets) -> e
    void setSystemWindowInsets(androidx.core.graphics.Insets) -> f
    void setTappableElementInsets(androidx.core.graphics.Insets) -> g